2022-12-20T15:12:52.386Z [ERROR]: bad auth : Authentication failed.
2022-12-20T15:14:00.138Z [ERROR]: bad auth : Authentication failed.
2022-12-20T15:14:10.427Z [ERROR]: bad auth : Authentication failed.
2022-12-20T15:14:16.228Z [ERROR]: bad auth : Authentication failed.
2022-12-20T15:35:39.995Z [ERROR]: Assignment to constant variable.
2022-12-20T15:36:00.666Z [ERROR]: Assignment to constant variable.
2022-12-20T15:36:39.602Z [ERROR]: Assignment to constant variable.
2022-12-20T15:43:32.325Z [WARN]: RUTA: /info, METODO: GET
2022-12-20T15:44:50.242Z [WARN]: RUTA: /info, METODO: GET
2022-12-20T15:45:55.401Z [WARN]: RUTA: /info, METODO: GET
2022-12-20T15:46:46.764Z [WARN]: RUTA: /info, METODO: GET
2022-12-20T15:46:46.884Z [WARN]: RUTA: /favicon.ico, METODO: GET
2022-12-20T15:47:19.229Z [WARN]: RUTA: /info, METODO: GET
2022-12-20T15:47:19.369Z [WARN]: RUTA: /favicon.ico, METODO: GET
2022-12-20T15:47:26.667Z [WARN]: RUTA: /info, METODO: GET
2022-12-20T15:47:26.783Z [WARN]: RUTA: /favicon.ico, METODO: GET
2022-12-20T15:47:27.589Z [WARN]: RUTA: /info, METODO: GET
2022-12-20T15:47:27.746Z [WARN]: RUTA: /favicon.ico, METODO: GET
2022-12-20T15:47:27.887Z [WARN]: RUTA: /info, METODO: GET
2022-12-20T15:47:28.000Z [WARN]: RUTA: /favicon.ico, METODO: GET
2022-12-20T15:47:28.032Z [WARN]: RUTA: /info, METODO: GET
2022-12-20T15:47:28.167Z [WARN]: RUTA: /favicon.ico, METODO: GET
2022-12-20T15:47:36.611Z [WARN]: RUTA: /info, METODO: GET
2022-12-20T15:47:36.771Z [WARN]: RUTA: /favicon.ico, METODO: GET
2022-12-20T15:47:51.555Z [WARN]: RUTA: /info, METODO: GET
2022-12-20T15:47:51.706Z [WARN]: RUTA: /favicon.ico, METODO: GET
2022-12-20T15:48:06.114Z [WARN]: RUTA: /info, METODO: GET
2022-12-20T15:48:06.235Z [WARN]: RUTA: /favicon.ico, METODO: GET
2022-12-20T15:48:06.826Z [WARN]: RUTA: /info, METODO: GET
2022-12-20T15:48:06.939Z [WARN]: RUTA: /favicon.ico, METODO: GET
2022-12-20T15:48:06.991Z [WARN]: RUTA: /info, METODO: GET
2022-12-20T15:48:07.098Z [WARN]: RUTA: /favicon.ico, METODO: GET
2022-12-20T15:48:09.211Z [WARN]: RUTA: /api/products, METODO: GET
2022-12-20T15:48:09.326Z [WARN]: RUTA: /favicon.ico, METODO: GET
2022-12-20T15:48:15.931Z [WARN]: RUTA: /api/info, METODO: GET
2022-12-20T15:48:16.049Z [WARN]: RUTA: /favicon.ico, METODO: GET
2022-12-20T15:51:22.617Z [WARN]: RUTA: /api/info, METODO: GET
2022-12-20T15:51:22.875Z [WARN]: RUTA: /favicon.ico, METODO: GET
2022-12-20T16:07:57.953Z [WARN]: RUTA: /api/info, METODO: GET
2022-12-20T16:07:58.065Z [WARN]: RUTA: /favicon.ico, METODO: GET
2022-12-20T16:08:01.187Z [WARN]: RUTA: /info, METODO: GET
2022-12-20T16:08:01.301Z [WARN]: RUTA: /favicon.ico, METODO: GET
2022-12-20T16:08:40.183Z [WARN]: RUTA: /info, METODO: GET
2022-12-20T16:08:40.327Z [WARN]: RUTA: /favicon.ico, METODO: GET
2022-12-20T16:08:47.597Z [WARN]: RUTA: /info, METODO: GET
2022-12-20T16:08:47.722Z [WARN]: RUTA: /favicon.ico, METODO: GET
2022-12-20T16:08:53.155Z [WARN]: RUTA: /favicon.ico, METODO: GET
2022-12-20T16:09:10.620Z [WARN]: RUTA: /api/info, METODO: GET
2022-12-20T16:09:10.764Z [WARN]: RUTA: /favicon.ico, METODO: GET
2022-12-20T16:12:05.432Z [WARN]: RUTA: /api/info, METODO: GET
2022-12-20T16:12:05.559Z [WARN]: RUTA: /favicon.ico, METODO: GET
2022-12-20T16:12:18.390Z [WARN]: RUTA: /favicon.ico, METODO: GET
2022-12-20T16:12:23.510Z [WARN]: RUTA: /favicon.ico, METODO: GET
2022-12-20T16:12:40.004Z [ERROR]: w is not defined
2022-12-20T16:12:40.147Z [WARN]: RUTA: /favicon.ico, METODO: GET
2022-12-20T16:12:42.595Z [ERROR]: w is not defined
2022-12-20T16:12:42.716Z [WARN]: RUTA: /favicon.ico, METODO: GET
2022-12-20T16:12:51.575Z [ERROR]: w is not defined
2022-12-20T16:12:51.704Z [WARN]: RUTA: /favicon.ico, METODO: GET
2022-12-20T16:12:55.339Z [WARN]: RUTA: /favicon.ico, METODO: GET
2022-12-20T19:48:14.781Z [WARN]: RUTA: /, METODO: GET
2022-12-20T19:48:15.088Z [WARN]: RUTA: /favicon.ico, METODO: GET
2022-12-20T19:48:16.866Z [WARN]: RUTA: /api/products, METODO: GET
2022-12-20T19:48:20.207Z [WARN]: RUTA: /favicon.ico, METODO: GET
